<?xml version="1.0" encoding="UTF-8"?>
<!-- Generated by org.testng.reporters.JUnitReportReporter -->
<testsuite hostname="Acer-PC" name="CalculatorTest" tests="6" failures="0" timestamp="10 Dec 2014 18:19:11 GMT" time="0.014" errors="0">
  <testcase name="summTest" time="0.000" classname="CalculatorTest"/>
  <testcase name="dataTest" time="0.001" classname="CalculatorTest"/>
  <testcase name="dataTest" time="0.003" classname="CalculatorTest"/>
  <testcase name="dataTest" time="0.009" classname="CalculatorTest"/>
  <testcase name="dataTest" time="0.000" classname="CalculatorTest"/>
  <testcase name="dataTest" time="0.001" classname="CalculatorTest"/>
</testsuite> <!-- CalculatorTest -->
